<?xml version="1.0" encoding="UTF-8"?>
<!-- Generated by org.testng.reporters.JUnitReportReporter -->
<testsuite hostname="LAPTOP-5SP6RP0M" failures="0" tests="2" name="webapplication.moreoptimisedway" time="43.448" errors="0" timestamp="2024-10-09T15:14:49 BST" skipped="0">
  <testcase classname="webapplication.moreoptimisedway" name="optimiseway" time="23.455"/>
  <testcase classname="webapplication.moreoptimisedway" name="optimiseway" time="19.993"/>
</testsuite> <!-- webapplication.moreoptimisedway -->
